{
  "stats": {
    "suites": 3,
    "tests": 14,
    "passes": 14,
    "pending": 0,
    "failures": 0,
    "start": "2020-08-23T23:49:17.092Z",
    "end": "2020-08-23T23:49:39.233Z",
    "duration": 22141,
    "testsRegistered": 14,
    "passPercent": 100,
    "pendingPercent": 0,
    "other": 0,
    "hasOther": false,
    "skipped": 0,
    "hasSkipped": false
  },
  "results": [
    {
      "uuid": "fbfd4b24-61f8-49f7-a7f0-e17cf9ca39fa",
      "title": "",
      "fullFile": "cypress\\integration\\happy-path.spec.js",
      "file": "cypress\\integration\\happy-path.spec.js",
      "beforeHooks": [],
      "afterHooks": [],
      "tests": [],
      "suites": [
        {
          "uuid": "bfffedc8-810a-403e-b46a-25f249776c2c",
          "title": "fazendo cadastro de um professor e a busca no sistema por esse professor - sucesso",
          "fullFile": "",
          "file": "",
          "beforeHooks": [],
          "afterHooks": [],
          "tests": [],
          "suites": [
            {
              "uuid": "938d77d7-65e8-4bc1-98ec-8eac40e36c9b",
              "title": "em tela 1920,1080",
              "fullFile": "",
              "file": "",
              "beforeHooks": [],
              "afterHooks": [],
              "tests": [
                {
                  "title": "entrando na home",
                  "fullTitle": "fazendo cadastro de um professor e a busca no sistema por esse professor - sucesso em tela 1920,1080 entrando na home",
                  "timedOut": null,
                  "duration": 1276,
                  "state": "passed",
                  "speed": "slow",
                  "pass": true,
                  "fail": false,
                  "pending": false,
                  "context": null,
                  "code": "cy.visit('http://localhost:3000');\ncy.contains('sua plataforma de estudos online');",
                  "err": {},
                  "uuid": "f2774879-0710-4011-9e17-3ea3b785307d",
                  "parentUUID": "938d77d7-65e8-4bc1-98ec-8eac40e36c9b",
                  "isHook": false,
                  "skipped": false
                },
                {
                  "title": "entrando na aba \"Dar aulas\"",
                  "fullTitle": "fazendo cadastro de um professor e a busca no sistema por esse professor - sucesso em tela 1920,1080 entrando na aba \"Dar aulas\"",
                  "timedOut": null,
                  "duration": 118,
                  "state": "passed",
                  "speed": "slow",
                  "pass": true,
                  "fail": false,
                  "pending": false,
                  "context": null,
                  "code": "cy.contains('dar aulas').click({\n  force: true\n});",
                  "err": {},
                  "uuid": "4667823a-0cdc-420d-9c9b-96968134ac47",
                  "parentUUID": "938d77d7-65e8-4bc1-98ec-8eac40e36c9b",
                  "isHook": false,
                  "skipped": false
                },
                {
                  "title": "cadastrando a professora \"Loraine\" para dar aulas de \"História do Brasil\"",
                  "fullTitle": "fazendo cadastro de um professor e a busca no sistema por esse professor - sucesso em tela 1920,1080 cadastrando a professora \"Loraine\" para dar aulas de \"História do Brasil\"",
                  "timedOut": null,
                  "duration": 8235,
                  "state": "passed",
                  "speed": "slow",
                  "pass": true,
                  "fail": false,
                  "pending": false,
                  "context": null,
                  "code": "var teacher1 = this.teachers.teacher1;\ncy.contains('que incrível que você quer dar aulas!');\ncy.get('#name').clear({\n  force: true\n}).type(teacher1.name, {\n  force: true\n}).should('have.value', teacher1.name);\ncy.get('#avatar').clear({\n  force: true\n}).type(teacher1.avatar, {\n  force: true\n}).should('have.value', teacher1.avatar);\ncy.get('#whatsapp').clear({\n  force: true\n}).type(teacher1.whatsapp).should('have.value', teacher1.whatsapp);\ncy.get('#bio').clear({\n  force: true\n}).type(teacher1.bio).should('have.value', teacher1.bio);\ncy.get('#subject').select(teacher1.subject).should('have.value', teacher1.subject);\ncy.get('#cost').clear({\n  force: true\n}).type(teacher1.cost, {\n  force: true\n}).should('have.value', teacher1.cost);\ncy.get('#week_day').select(teacher1.firstDay);\ncy.get('#week_day').should('have.value', teacher1.firstDayValue);\ncy.get('#from').type(teacher1.startFirstDay).should('have.value', teacher1.startFirstDay);\ncy.get('#to').type(teacher1.finishFirstDay).should('have.value', teacher1.finishFirstDay);\ncy.contains('+ Novo horário').click({\n  force: true\n});\ncy.get(':nth-child(3) > .select-block > #week_day').select(teacher1.secondDay);\ncy.get(':nth-child(3) > .select-block > #week_day').should('have.value', teacher1.secondDayValue);\ncy.get(':nth-child(3) > :nth-child(2) > #from').type(teacher1.startSecondDay).should('have.value', teacher1.startSecondDay);\ncy.get(':nth-child(3) > :nth-child(3) > #to').type(teacher1.finishSecondDay).should('have.value', teacher1.finishSecondDay);\ncy.contains('salvar cadastro').click({\n  force: true\n});",
                  "err": {},
                  "uuid": "cb59def8-a114-4d30-86d4-9fd5c8dfada2",
                  "parentUUID": "938d77d7-65e8-4bc1-98ec-8eac40e36c9b",
                  "isHook": false,
                  "skipped": false
                },
                {
                  "title": "entrando na aba \"Estudar\"",
                  "fullTitle": "fazendo cadastro de um professor e a busca no sistema por esse professor - sucesso em tela 1920,1080 entrando na aba \"Estudar\"",
                  "timedOut": null,
                  "duration": 120,
                  "state": "passed",
                  "speed": "slow",
                  "pass": true,
                  "fail": false,
                  "pending": false,
                  "context": null,
                  "code": "cy.contains('estudar').click({\n  force: true\n});",
                  "err": {},
                  "uuid": "c0a63285-9d36-4548-b253-e390676a2a04",
                  "parentUUID": "938d77d7-65e8-4bc1-98ec-8eac40e36c9b",
                  "isHook": false,
                  "skipped": false
                },
                {
                  "title": "fazendo busca de aulas de \"História do Brasil\" ministradas pela professora \"Loraine\"",
                  "fullTitle": "fazendo cadastro de um professor e a busca no sistema por esse professor - sucesso em tela 1920,1080 fazendo busca de aulas de \"História do Brasil\" ministradas pela professora \"Loraine\"",
                  "timedOut": null,
                  "duration": 701,
                  "state": "passed",
                  "speed": "slow",
                  "pass": true,
                  "fail": false,
                  "pending": false,
                  "context": null,
                  "code": "var teacher1 = this.teachers.teacher1;\ncy.contains('estes são os proffys disponíveis');\ncy.get('#subject').select(teacher1.subject).should('have.value', teacher1.subject);\ncy.get('#week_day').select(teacher1.secondDay).should('have.value', teacher1.secondDayValue);\ncy.get('#time').type('10:00').should('have.value', '10:00');\ncy.contains('buscar').click({\n  force: true\n});\ncy.contains(teacher1.name);",
                  "err": {},
                  "uuid": "63a21fb4-e06d-4ae5-bbbe-a4121f089af6",
                  "parentUUID": "938d77d7-65e8-4bc1-98ec-8eac40e36c9b",
                  "isHook": false,
                  "skipped": false
                },
                {
                  "title": "entrando em contato com \"Loraine\" para agendar uma aula",
                  "fullTitle": "fazendo cadastro de um professor e a busca no sistema por esse professor - sucesso em tela 1920,1080 entrando em contato com \"Loraine\" para agendar uma aula",
                  "timedOut": null,
                  "duration": 87,
                  "state": "passed",
                  "speed": "slow",
                  "pass": true,
                  "fail": false,
                  "pending": false,
                  "context": null,
                  "code": "cy.contains('entrar em contato').click({\n  force: true\n});",
                  "err": {},
                  "uuid": "4e92ff6c-ee1f-4915-add1-68042ceeb53e",
                  "parentUUID": "938d77d7-65e8-4bc1-98ec-8eac40e36c9b",
                  "isHook": false,
                  "skipped": false
                },
                {
                  "title": "acompanhando conexão que foi criada",
                  "fullTitle": "fazendo cadastro de um professor e a busca no sistema por esse professor - sucesso em tela 1920,1080 acompanhando conexão que foi criada",
                  "timedOut": null,
                  "duration": 127,
                  "state": "passed",
                  "speed": "slow",
                  "pass": true,
                  "fail": false,
                  "pending": false,
                  "context": null,
                  "code": "cy.request('http://localhost:3333/connections').as('connections');\ncy.get('@connections').should(function (response) {\n  expect(response.body).to.have.property('total');\n  expect(response.status).to.eq(200);\n});",
                  "err": {},
                  "uuid": "58ce39a8-acc6-47fb-84f7-8eabe4c3fa94",
                  "parentUUID": "938d77d7-65e8-4bc1-98ec-8eac40e36c9b",
                  "isHook": false,
                  "skipped": false
                }
              ],
              "suites": [],
              "passes": [
                "f2774879-0710-4011-9e17-3ea3b785307d",
                "4667823a-0cdc-420d-9c9b-96968134ac47",
                "cb59def8-a114-4d30-86d4-9fd5c8dfada2",
                "c0a63285-9d36-4548-b253-e390676a2a04",
                "63a21fb4-e06d-4ae5-bbbe-a4121f089af6",
                "4e92ff6c-ee1f-4915-add1-68042ceeb53e",
                "58ce39a8-acc6-47fb-84f7-8eabe4c3fa94"
              ],
              "failures": [],
              "pending": [],
              "skipped": [],
              "duration": 10664,
              "root": false,
              "rootEmpty": false,
              "_timeout": 2000
            },
            {
              "uuid": "fde1474c-cf2d-4701-b1d5-80c8ab19ad44",
              "title": "em tela samsung-s10",
              "fullFile": "",
              "file": "",
              "beforeHooks": [],
              "afterHooks": [],
              "tests": [
                {
                  "title": "entrando na home",
                  "fullTitle": "fazendo cadastro de um professor e a busca no sistema por esse professor - sucesso em tela samsung-s10 entrando na home",
                  "timedOut": null,
                  "duration": 219,
                  "state": "passed",
                  "speed": "slow",
                  "pass": true,
                  "fail": false,
                  "pending": false,
                  "context": null,
                  "code": "cy.visit('http://localhost:3000');\ncy.contains('sua plataforma de estudos online');",
                  "err": {},
                  "uuid": "27b00961-68f5-49e6-aafe-78f2eae6f5b1",
                  "parentUUID": "fde1474c-cf2d-4701-b1d5-80c8ab19ad44",
                  "isHook": false,
                  "skipped": false
                },
                {
                  "title": "entrando na aba \"Dar aulas\"",
                  "fullTitle": "fazendo cadastro de um professor e a busca no sistema por esse professor - sucesso em tela samsung-s10 entrando na aba \"Dar aulas\"",
                  "timedOut": null,
                  "duration": 115,
                  "state": "passed",
                  "speed": "slow",
                  "pass": true,
                  "fail": false,
                  "pending": false,
                  "context": null,
                  "code": "cy.contains('dar aulas').click({\n  force: true\n});",
                  "err": {},
                  "uuid": "48587c41-6a2e-41ec-80f7-8e63ec26df94",
                  "parentUUID": "fde1474c-cf2d-4701-b1d5-80c8ab19ad44",
                  "isHook": false,
                  "skipped": false
                },
                {
                  "title": "cadastrando a professora \"Loraine\" para dar aulas de \"História do Brasil\"",
                  "fullTitle": "fazendo cadastro de um professor e a busca no sistema por esse professor - sucesso em tela samsung-s10 cadastrando a professora \"Loraine\" para dar aulas de \"História do Brasil\"",
                  "timedOut": null,
                  "duration": 7915,
                  "state": "passed",
                  "speed": "slow",
                  "pass": true,
                  "fail": false,
                  "pending": false,
                  "context": null,
                  "code": "var teacher1 = this.teachers.teacher1;\ncy.contains('que incrível que você quer dar aulas!');\ncy.get('#name').clear({\n  force: true\n}).type(teacher1.name, {\n  force: true\n}).should('have.value', teacher1.name);\ncy.get('#avatar').clear({\n  force: true\n}).type(teacher1.avatar, {\n  force: true\n}).should('have.value', teacher1.avatar);\ncy.get('#whatsapp').clear({\n  force: true\n}).type(teacher1.whatsapp).should('have.value', teacher1.whatsapp);\ncy.get('#bio').clear({\n  force: true\n}).type(teacher1.bio).should('have.value', teacher1.bio);\ncy.get('#subject').select(teacher1.subject).should('have.value', teacher1.subject);\ncy.get('#cost').clear({\n  force: true\n}).type(teacher1.cost, {\n  force: true\n}).should('have.value', teacher1.cost);\ncy.get('#week_day').select(teacher1.firstDay);\ncy.get('#week_day').should('have.value', teacher1.firstDayValue);\ncy.get('#from').type(teacher1.startFirstDay).should('have.value', teacher1.startFirstDay);\ncy.get('#to').type(teacher1.finishFirstDay).should('have.value', teacher1.finishFirstDay);\ncy.contains('+ Novo horário').click({\n  force: true\n});\ncy.get(':nth-child(3) > .select-block > #week_day').select(teacher1.secondDay);\ncy.get(':nth-child(3) > .select-block > #week_day').should('have.value', teacher1.secondDayValue);\ncy.get(':nth-child(3) > :nth-child(2) > #from').type(teacher1.startSecondDay).should('have.value', teacher1.startSecondDay);\ncy.get(':nth-child(3) > :nth-child(3) > #to').type(teacher1.finishSecondDay).should('have.value', teacher1.finishSecondDay);\ncy.contains('salvar cadastro').click({\n  force: true\n});",
                  "err": {},
                  "uuid": "aa6979f9-f1cd-4b6d-98ba-0285dfba14a9",
                  "parentUUID": "fde1474c-cf2d-4701-b1d5-80c8ab19ad44",
                  "isHook": false,
                  "skipped": false
                },
                {
                  "title": "entrando na aba \"Estudar\"",
                  "fullTitle": "fazendo cadastro de um professor e a busca no sistema por esse professor - sucesso em tela samsung-s10 entrando na aba \"Estudar\"",
                  "timedOut": null,
                  "duration": 383,
                  "state": "passed",
                  "speed": "slow",
                  "pass": true,
                  "fail": false,
                  "pending": false,
                  "context": null,
                  "code": "cy.contains('estudar').click({\n  force: true\n});",
                  "err": {},
                  "uuid": "77197e67-a38a-4be5-bf11-749cfba8b2c2",
                  "parentUUID": "fde1474c-cf2d-4701-b1d5-80c8ab19ad44",
                  "isHook": false,
                  "skipped": false
                },
                {
                  "title": "fazendo busca de aulas de \"História do Brasil\" ministradas pela professora \"Loraine\"",
                  "fullTitle": "fazendo cadastro de um professor e a busca no sistema por esse professor - sucesso em tela samsung-s10 fazendo busca de aulas de \"História do Brasil\" ministradas pela professora \"Loraine\"",
                  "timedOut": null,
                  "duration": 686,
                  "state": "passed",
                  "speed": "slow",
                  "pass": true,
                  "fail": false,
                  "pending": false,
                  "context": null,
                  "code": "var teacher1 = this.teachers.teacher1;\ncy.contains('estes são os proffys disponíveis');\ncy.get('#subject').select(teacher1.subject).should('have.value', teacher1.subject);\ncy.get('#week_day').select(teacher1.secondDay).should('have.value', teacher1.secondDayValue);\ncy.get('#time').type('10:00').should('have.value', '10:00');\ncy.contains('buscar').click({\n  force: true\n});\ncy.contains(teacher1.name);",
                  "err": {},
                  "uuid": "07a7368c-b86f-42df-b5dc-2399c62b00b9",
                  "parentUUID": "fde1474c-cf2d-4701-b1d5-80c8ab19ad44",
                  "isHook": false,
                  "skipped": false
                },
                {
                  "title": "entrando em contato com \"Loraine\" para agendar uma aula",
                  "fullTitle": "fazendo cadastro de um professor e a busca no sistema por esse professor - sucesso em tela samsung-s10 entrando em contato com \"Loraine\" para agendar uma aula",
                  "timedOut": null,
                  "duration": 98,
                  "state": "passed",
                  "speed": "slow",
                  "pass": true,
                  "fail": false,
                  "pending": false,
                  "context": null,
                  "code": "cy.contains('entrar em contato').click({\n  force: true\n});",
                  "err": {},
                  "uuid": "873060b9-ac39-4769-9910-01badeae320e",
                  "parentUUID": "fde1474c-cf2d-4701-b1d5-80c8ab19ad44",
                  "isHook": false,
                  "skipped": false
                },
                {
                  "title": "acompanhando conexão que foi criada",
                  "fullTitle": "fazendo cadastro de um professor e a busca no sistema por esse professor - sucesso em tela samsung-s10 acompanhando conexão que foi criada",
                  "timedOut": null,
                  "duration": 73,
                  "state": "passed",
                  "speed": "medium",
                  "pass": true,
                  "fail": false,
                  "pending": false,
                  "context": null,
                  "code": "cy.request('http://localhost:3333/connections').as('connections');\ncy.get('@connections').should(function (response) {\n  expect(response.body).to.have.property('total');\n  expect(response.status).to.eq(200);\n});",
                  "err": {},
                  "uuid": "ae45897c-dacc-460b-8d29-47edf3b9d599",
                  "parentUUID": "fde1474c-cf2d-4701-b1d5-80c8ab19ad44",
                  "isHook": false,
                  "skipped": false
                }
              ],
              "suites": [],
              "passes": [
                "27b00961-68f5-49e6-aafe-78f2eae6f5b1",
                "48587c41-6a2e-41ec-80f7-8e63ec26df94",
                "aa6979f9-f1cd-4b6d-98ba-0285dfba14a9",
                "77197e67-a38a-4be5-bf11-749cfba8b2c2",
                "07a7368c-b86f-42df-b5dc-2399c62b00b9",
                "873060b9-ac39-4769-9910-01badeae320e",
                "ae45897c-dacc-460b-8d29-47edf3b9d599"
              ],
              "failures": [],
              "pending": [],
              "skipped": [],
              "duration": 9489,
              "root": false,
              "rootEmpty": false,
              "_timeout": 2000
            }
          ],
          "passes": [],
          "failures": [],
          "pending": [],
          "skipped": [],
          "duration": 0,
          "root": false,
          "rootEmpty": false,
          "_timeout": 2000
        }
      ],
      "passes": [],
      "failures": [],
      "pending": [],
      "skipped": [],
      "duration": 0,
      "root": true,
      "rootEmpty": true,
      "_timeout": 2000
    }
  ],
  "meta": {
    "mocha": {
      "version": "7.0.1"
    },
    "mochawesome": {
      "options": {
        "quiet": false,
        "reportFilename": "mochawesome",
        "saveHtml": false,
        "saveJson": true,
        "consoleReporter": "spec",
        "useInlineDiffs": false,
        "code": true
      },
      "version": "6.1.1"
    },
    "marge": {
      "options": {
        "reportDir": "cypress/report",
        "overwrite": false,
        "html": false,
        "json": true,
        "timestamp": "mmddyyyy_HHMMss",
        "cdn": true,
        "charts": true
      },
      "version": "5.1.0"
    }
  }
}